# JRE version: Java(TM) SE Runtime Environment (8.0_91-b14) (build 1.8.0_91-b14)
# Java VM: Java HotSpot(TM) 64-Bit Server VM (25.91-b14 mixed mode windows-amd64 compressed oops)
Heap:
 PSYoungGen      total 141824K, used 14488K [0x000000076b380000, 0x000000077c880000, 0x00000007c0000000)
  eden space 131072K, 2% used [0x000000076b380000,0x000000076b729850,0x0000000773380000)
  from space 10752K, 99% used [0x0000000773380000,0x0000000773dfca88,0x0000000773e00000)
  to   space 10752K, 0% used [0x000000077be00000,0x000000077be00000,0x000000077c880000)
 ParOldGen       total 175104K, used 4104K [0x00000006c1a00000, 0x00000006cc500000, 0x000000076b380000)
  object space 175104K, 2% used [0x00000006c1a00000,0x00000006c1e02000,0x00000006cc500000)
 Metaspace       used 7554K, capacity 7753K, committed 7936K, reserved 1056768K
  class space    used 660K, capacity 745K, committed 768K, reserved 1048576K
GC Heap History (6 events):
Event: 0.496 GC heap before
{Heap before GC invocations=1 (full 0):
 PSYoungGen      total 76288K, used 65536K [0x000000076b380000, 0x0000000770880000, 0x00000007c0000000)
  eden space 65536K, 100% used [0x000000076b380000,0x000000076f380000,0x000000076f380000)
  from space 10752K, 0% used [0x000000076fe00000,0x000000076fe00000,0x0000000770880000)
  to   space 10752K, 0% used [0x000000076f380000,0x000000076f380000,0x000000076fe00000)
 ParOldGen       total 175104K, used 0K [0x00000006c1a00000, 0x00000006cc500000, 0x000000076b380000)
  object space 175104K, 0% used [0x00000006c1a00000,0x00000006c1a00000,0x00000006cc500000)
 Metaspace       used 7078K, capacity 7449K, committed 7680K, reserved 1056768K
  class space    used 612K, capacity 713K, committed 768K, reserved 1048576K
Event: 0.502 GC heap after
Heap after GC invocations=1 (full 0):
 PSYoungGen      total 76288K, used 9029K [0x000000076b380000, 0x0000000774880000, 0x00000007c0000000)
  eden space 65536K, 0% used [0x000000076b380000,0x000000076b380000,0x000000076f380000)
  from space 10752K, 83% used [0x000000076f380000,0x000000076fc51528,0x000000076fe00000)
  to   space 10752K, 0% used [0x0000000773e00000,0x0000000773e00000,0x0000000774880000)
 ParOldGen       total 175104K, used 8K [0x00000006c1a00000, 0x00000006cc500000, 0x000000076b380000)
  object space 175104K, 0% used [0x00000006c1a00000,0x00000006c1a02000,0x00000006cc500000)
 Metaspace       used 7078K, capacity 7449K, committed 7680K, reserved 1056768K
  class space    used 612K, capacity 713K, committed 768K, reserved 1048576K
}
Event: 0.560 GC heap before
{Heap before GC invocations=2 (full 0):
 PSYoungGen      total 76288K, used 74565K [0x000000076b380000, 0x0000000774880000, 0x00000007c0000000)
  eden space 65536K, 100% used [0x000000076b380000,0x000000076f380000,0x000000076f380000)
  from space 10752K, 83% used [0x000000076f380000,0x000000076fc51528,0x000000076fe00000)
  to   space 10752K, 0% used [0x0000000773e00000,0x0000000773e00000,0x0000000774880000)
 ParOldGen       total 175104K, used 8K [0x00000006c1a00000, 0x00000006cc500000, 0x000000076b380000)
  object space 175104K, 0% used [0x00000006c1a00000,0x00000006c1a02000,0x00000006cc500000)
 Metaspace       used 7099K, capacity 7449K, committed 7680K, reserved 1056768K
  class space    used 612K, capacity 713K, committed 768K, reserved 1048576K
Event: 0.568 GC heap after
Heap after GC invocations=2 (full 0):
 PSYoungGen      total 141824K, used 10732K [0x000000076b380000, 0x0000000774880000, 0x00000007c0000000)
  eden space 131072K, 0% used [0x000000076b380000,0x000000076b380000,0x0000000773380000)
  from space 10752K, 99% used [0x0000000773e00000,0x000000077487b2c8,0x0000000774880000)
  to   space 10752K, 0% used [0x0000000773380000,0x0000000773380000,0x0000000773e00000)
 ParOldGen       total 175104K, used 1352K [0x00000006c1a00000, 0x00000006cc500000, 0x000000076b380000)
  object space 175104K, 0% used [0x00000006c1a00000,0x00000006c1b52000,0x00000006cc500000)
 Metaspace       used 7099K, capacity 7449K, committed 7680K, reserved 1056768K
  class space    used 612K, capacity 713K, committed 768K, reserved 1048576K
}
Event: 0.731 GC heap before
{Heap before GC invocations=3 (full 0):
 PSYoungGen      total 141824K, used 141337K [0x000000076b380000, 0x0000000774880000, 0x00000007c0000000)
  eden space 131072K, 99% used [0x000000076b380000,0x000000077330b3d8,0x0000000773380000)
  from space 10752K, 99% used [0x0000000773e00000,0x000000077487b2c8,0x0000000774880000)
  to   space 10752K, 0% used [0x0000000773380000,0x0000000773380000,0x0000000773e00000)
 ParOldGen       total 175104K, used 1352K [0x00000006c1a00000, 0x00000006cc500000, 0x000000076b380000)
  object space 175104K, 0% used [0x00000006c1a00000,0x00000006c1b52000,0x00000006cc500000)
 Metaspace       used 7103K, capacity 7449K, committed 7680K, reserved 1056768K
  class space    used 612K, capacity 713K, committed 768K, reserved 1048576K
Event: 0.742 GC heap after
Heap after GC invocations=3 (full 0):
 PSYoungGen      total 141824K, used 10738K [0x000000076b380000, 0x000000077c880000, 0x00000007c0000000)
  eden space 131072K, 0% used [0x000000076b380000,0x000000076b380000,0x0000000773380000)
  from space 10752K, 99% used [0x0000000773380000,0x0000000773dfca88,0x0000000773e00000)
  to   space 10752K, 0% used [0x000000077be00000,0x000000077be00000,0x000000077c880000)
 ParOldGen       total 175104K, used 4104K [0x00000006c1a00000, 0x00000006cc500000, 0x000000076b380000)
  object space 175104K, 2% used [0x00000006c1a00000,0x00000006c1e02000,0x00000006cc500000)
 Metaspace       used 7103K, capacity 7449K, committed 7680K, reserved 1056768K
  class space    used 612K, capacity 713K, committed 768K, reserved 1048576K
}

