# JRE version: Java(TM) SE Runtime Environment (8.0_91-b14) (build 1.8.0_91-b14)
# Java VM: Java HotSpot(TM) 64-Bit Server VM (25.91-b14 mixed mode windows-amd64 compressed oops)
Heap:
 PSYoungGen      total 141824K, used 20026K [0x000000076b380000, 0x000000077c880000, 0x00000007c0000000)
  eden space 131072K, 7% used [0x000000076b380000,0x000000076bc92720,0x0000000773380000)
  from space 10752K, 99% used [0x0000000773380000,0x0000000773dfc2e8,0x0000000773e00000)
  to   space 10752K, 0% used [0x000000077be00000,0x000000077be00000,0x000000077c880000)
 ParOldGen       total 175104K, used 14944K [0x00000006c1a00000, 0x00000006cc500000, 0x000000076b380000)
  object space 175104K, 8% used [0x00000006c1a00000,0x00000006c2898000,0x00000006cc500000)
 Metaspace       used 7820K, capacity 8001K, committed 8192K, reserved 1056768K
  class space    used 671K, capacity 739K, committed 768K, reserved 1048576K
GC Heap History (6 events):
Event: 0.509 GC heap before
{Heap before GC invocations=1 (full 0):
 PSYoungGen      total 76288K, used 65536K [0x000000076b380000, 0x0000000770880000, 0x00000007c0000000)
  eden space 65536K, 100% used [0x000000076b380000,0x000000076f380000,0x000000076f380000)
  from space 10752K, 0% used [0x000000076fe00000,0x000000076fe00000,0x0000000770880000)
  to   space 10752K, 0% used [0x000000076f380000,0x000000076f380000,0x000000076fe00000)
 ParOldGen       total 175104K, used 0K [0x00000006c1a00000, 0x00000006cc500000, 0x000000076b380000)
  object space 175104K, 0% used [0x00000006c1a00000,0x00000006c1a00000,0x00000006cc500000)
 Metaspace       used 7522K, capacity 7681K, committed 7936K, reserved 1056768K
  class space    used 658K, capacity 739K, committed 768K, reserved 1048576K
Event: 0.514 GC heap after
Heap after GC invocations=1 (full 0):
 PSYoungGen      total 76288K, used 9124K [0x000000076b380000, 0x0000000774880000, 0x00000007c0000000)
  eden space 65536K, 0% used [0x000000076b380000,0x000000076b380000,0x000000076f380000)
  from space 10752K, 84% used [0x000000076f380000,0x000000076fc69298,0x000000076fe00000)
  to   space 10752K, 0% used [0x0000000773e00000,0x0000000773e00000,0x0000000774880000)
 ParOldGen       total 175104K, used 8K [0x00000006c1a00000, 0x00000006cc500000, 0x000000076b380000)
  object space 175104K, 0% used [0x00000006c1a00000,0x00000006c1a02000,0x00000006cc500000)
 Metaspace       used 7522K, capacity 7681K, committed 7936K, reserved 1056768K
  class space    used 658K, capacity 739K, committed 768K, reserved 1048576K
}
Event: 0.564 GC heap before
{Heap before GC invocations=2 (full 0):
 PSYoungGen      total 76288K, used 74660K [0x000000076b380000, 0x0000000774880000, 0x00000007c0000000)
  eden space 65536K, 100% used [0x000000076b380000,0x000000076f380000,0x000000076f380000)
  from space 10752K, 84% used [0x000000076f380000,0x000000076fc69298,0x000000076fe00000)
  to   space 10752K, 0% used [0x0000000773e00000,0x0000000773e00000,0x0000000774880000)
 ParOldGen       total 175104K, used 8K [0x00000006c1a00000, 0x00000006cc500000, 0x000000076b380000)
  object space 175104K, 0% used [0x00000006c1a00000,0x00000006c1a02000,0x00000006cc500000)
 Metaspace       used 7537K, capacity 7681K, committed 7936K, reserved 1056768K
  class space    used 658K, capacity 739K, committed 768K, reserved 1048576K
Event: 0.572 GC heap after
Heap after GC invocations=2 (full 0):
 PSYoungGen      total 141824K, used 10721K [0x000000076b380000, 0x0000000774880000, 0x00000007c0000000)
  eden space 131072K, 0% used [0x000000076b380000,0x000000076b380000,0x0000000773380000)
  from space 10752K, 99% used [0x0000000773e00000,0x0000000774878710,0x0000000774880000)
  to   space 10752K, 0% used [0x0000000773380000,0x0000000773380000,0x0000000773e00000)
 ParOldGen       total 175104K, used 1112K [0x00000006c1a00000, 0x00000006cc500000, 0x000000076b380000)
  object space 175104K, 0% used [0x00000006c1a00000,0x00000006c1b16000,0x00000006cc500000)
 Metaspace       used 7537K, capacity 7681K, committed 7936K, reserved 1056768K
  class space    used 658K, capacity 739K, committed 768K, reserved 1048576K
}
Event: 0.703 GC heap before
{Heap before GC invocations=3 (full 0):
 PSYoungGen      total 141824K, used 140669K [0x000000076b380000, 0x0000000774880000, 0x00000007c0000000)
  eden space 131072K, 99% used [0x000000076b380000,0x00000007732670b0,0x0000000773380000)
  from space 10752K, 99% used [0x0000000773e00000,0x0000000774878710,0x0000000774880000)
  to   space 10752K, 0% used [0x0000000773380000,0x0000000773380000,0x0000000773e00000)
 ParOldGen       total 175104K, used 1112K [0x00000006c1a00000, 0x00000006cc500000, 0x000000076b380000)
  object space 175104K, 0% used [0x00000006c1a00000,0x00000006c1b16000,0x00000006cc500000)
 Metaspace       used 7538K, capacity 7681K, committed 7936K, reserved 1056768K
  class space    used 658K, capacity 739K, committed 768K, reserved 1048576K
Event: 0.722 GC heap after
Heap after GC invocations=3 (full 0):
 PSYoungGen      total 141824K, used 10736K [0x000000076b380000, 0x000000077c880000, 0x00000007c0000000)
  eden space 131072K, 0% used [0x000000076b380000,0x000000076b380000,0x0000000773380000)
  from space 10752K, 99% used [0x0000000773380000,0x0000000773dfc2e8,0x0000000773e00000)
  to   space 10752K, 0% used [0x000000077be00000,0x000000077be00000,0x000000077c880000)
 ParOldGen       total 175104K, used 14944K [0x00000006c1a00000, 0x00000006cc500000, 0x000000076b380000)
  object space 175104K, 8% used [0x00000006c1a00000,0x00000006c2898000,0x00000006cc500000)
 Metaspace       used 7538K, capacity 7681K, committed 7936K, reserved 1056768K
  class space    used 658K, capacity 739K, committed 768K, reserved 1048576K
}

